TN:
SF:src\index.ts
FN:10,startServer
FN:23,(anonymous_1)
FN:36,(anonymous_2)
FNF:3
FNH:0
FNDA:0,startServer
FNDA:0,(anonymous_1)
FNDA:0,(anonymous_2)
DA:1,0
DA:2,0
DA:5,0
DA:11,0
DA:12,0
DA:15,0
DA:18,0
DA:20,0
DA:23,0
DA:24,0
DA:25,0
DA:26,0
DA:30,0
DA:31,0
DA:36,0
DA:37,0
DA:38,0
LF:17
LH:0
BRDA:5,0,0,0
BRDA:5,0,1,0
BRF:2
BRH:0
end_of_record
TN:
SF:src\modules\game\game-manager.ts
FN:64,(anonymous_0)
FN:75,(anonymous_1)
FN:82,(anonymous_2)
FN:101,(anonymous_3)
FN:119,(anonymous_4)
FN:141,(anonymous_5)
FN:150,(anonymous_6)
FN:180,(anonymous_7)
FN:187,(anonymous_8)
FN:223,(anonymous_9)
FN:259,(anonymous_10)
FN:287,(anonymous_11)
FN:342,(anonymous_12)
FN:368,(anonymous_13)
FN:406,(anonymous_14)
FN:419,(anonymous_15)
FN:436,(anonymous_16)
FN:463,(anonymous_17)
FN:467,(anonymous_18)
FN:486,(anonymous_19)
FN:507,(anonymous_20)
FN:516,(anonymous_21)
FN:539,(anonymous_22)
FN:559,(anonymous_23)
FN:584,(anonymous_24)
FN:601,(anonymous_25)
FNF:26
FNH:0
FNDA:0,(anonymous_0)
FNDA:0,(anonymous_1)
FNDA:0,(anonymous_2)
FNDA:0,(anonymous_3)
FNDA:0,(anonymous_4)
FNDA:0,(anonymous_5)
FNDA:0,(anonymous_6)
FNDA:0,(anonymous_7)
FNDA:0,(anonymous_8)
FNDA:0,(anonymous_9)
FNDA:0,(anonymous_10)
FNDA:0,(anonymous_11)
FNDA:0,(anonymous_12)
FNDA:0,(anonymous_13)
FNDA:0,(anonymous_14)
FNDA:0,(anonymous_15)
FNDA:0,(anonymous_16)
FNDA:0,(anonymous_17)
FNDA:0,(anonymous_18)
FNDA:0,(anonymous_19)
FNDA:0,(anonymous_20)
FNDA:0,(anonymous_21)
FNDA:0,(anonymous_22)
FNDA:0,(anonymous_23)
FNDA:0,(anonymous_24)
FNDA:0,(anonymous_25)
DA:1,0
DA:53,0
DA:54,0
DA:55,0
DA:56,0
DA:57,0
DA:65,0
DA:66,0
DA:76,0
DA:78,0
DA:82,0
DA:91,0
DA:93,0
DA:94,0
DA:102,0
DA:103,0
DA:104,0
DA:107,0
DA:108,0
DA:111,0
DA:112,0
DA:120,0
DA:121,0
DA:122,0
DA:125,0
DA:126,0
DA:127,0
DA:130,0
DA:133,0
DA:134,0
DA:142,0
DA:143,0
DA:146,0
DA:149,0
DA:150,0
DA:151,0
DA:152,0
DA:153,0
DA:156,0
DA:159,0
DA:162,0
DA:163,0
DA:181,0
DA:182,0
DA:183,0
DA:187,0
DA:188,0
DA:189,0
DA:193,0
DA:194,0
DA:195,0
DA:196,0
DA:200,0
DA:203,0
DA:204,0
DA:206,0
DA:207,0
DA:210,0
DA:224,0
DA:225,0
DA:226,0
DA:230,0
DA:231,0
DA:232,0
DA:236,0
DA:237,0
DA:241,0
DA:242,0
DA:245,0
DA:248,0
DA:250,0
DA:260,0
DA:261,0
DA:264,0
DA:265,0
DA:270,0
DA:271,0
DA:275,0
DA:276,0
DA:279,0
DA:288,0
DA:289,0
DA:290,0
DA:294,0
DA:295,0
DA:296,0
DA:300,0
DA:301,0
DA:304,0
DA:308,0
DA:310,0
DA:313,0
DA:317,0
DA:320,0
DA:323,0
DA:324,0
DA:327,0
DA:330,0
DA:343,0
DA:344,0
DA:345,0
DA:349,0
DA:350,0
DA:351,0
DA:355,0
DA:358,0
DA:359,0
DA:363,0
DA:366,0
DA:368,0
DA:369,0
DA:370,0
DA:374,0
DA:376,0
DA:383,0
DA:386,0
DA:387,0
DA:390,0
DA:393,0
DA:407,0
DA:408,0
DA:409,0
DA:411,0
DA:420,0
DA:421,0
DA:424,0
DA:426,0
DA:427,0
DA:428,0
DA:429,0
DA:435,0
DA:436,0
DA:437,0
DA:438,0
DA:439,0
DA:442,0
DA:443,0
DA:444,0
DA:445,0
DA:452,0
DA:464,0
DA:465,0
DA:467,0
DA:468,0
DA:471,0
DA:474,0
DA:475,0
DA:476,0
DA:477,0
DA:487,0
DA:488,0
DA:490,0
DA:493,0
DA:494,0
DA:498,0
DA:500,0
DA:509,0
DA:517,0
DA:518,0
DA:521,0
DA:540,0
DA:541,0
DA:544,0
DA:566,0
DA:567,0
DA:570,0
DA:585,0
DA:586,0
DA:589,0
DA:602,0
DA:603,0
DA:605,0
LF:172
LH:0
BRDA:65,0,0,0
BRDA:66,1,0,0
BRDA:103,2,0,0
BRDA:121,3,0,0
BRDA:143,4,0,0
BRDA:151,5,0,0
BRDA:162,6,0,0
BRDA:162,7,0,0
BRDA:162,7,1,0
BRDA:182,8,0,0
BRDA:188,9,0,0
BRDA:203,10,0,0
BRDA:203,10,1,0
BRDA:225,11,0,0
BRDA:231,12,0,0
BRDA:236,13,0,0
BRDA:264,14,0,0
BRDA:264,15,0,0
BRDA:264,15,1,0
BRDA:265,16,0,0
BRDA:265,16,1,0
BRDA:265,16,2,0
BRDA:270,17,0,0
BRDA:275,18,0,0
BRDA:275,19,0,0
BRDA:275,19,1,0
BRDA:289,20,0,0
BRDA:295,21,0,0
BRDA:308,22,0,0
BRDA:308,22,1,0
BRDA:323,23,0,0
BRDA:323,23,1,0
BRDA:333,24,0,0
BRDA:333,24,1,0
BRDA:344,25,0,0
BRDA:350,26,0,0
BRDA:358,27,0,0
BRDA:358,28,0,0
BRDA:358,28,1,0
BRDA:366,29,0,0
BRDA:366,29,1,0
BRDA:369,30,0,0
BRDA:386,31,0,0
BRDA:386,31,1,0
BRDA:408,32,0,0
BRDA:424,33,0,0
BRDA:424,33,1,0
BRDA:428,34,0,0
BRDA:437,35,0,0
BRDA:444,36,0,0
BRDA:465,37,0,0
BRDA:468,38,0,0
BRDA:474,39,0,0
BRDA:476,40,0,0
BRDA:488,41,0,0
BRDA:493,42,0,0
BRDA:500,43,0,0
BRDA:500,43,1,0
BRDA:518,44,0,0
BRDA:518,45,0,0
BRDA:518,45,1,0
BRDA:541,46,0,0
BRDA:541,47,0,0
BRDA:541,47,1,0
BRDA:567,48,0,0
BRDA:567,49,0,0
BRDA:567,49,1,0
BRDA:586,50,0,0
BRDA:586,51,0,0
BRDA:586,51,1,0
BRDA:602,52,0,0
BRF:71
BRH:0
end_of_record
TN:
SF:src\modules\game\game.ts
FN:44,(anonymous_0)
FN:49,(anonymous_1)
FN:56,(anonymous_2)
FN:63,(anonymous_3)
FN:65,(anonymous_4)
FN:66,(anonymous_5)
FN:72,(anonymous_6)
FN:79,(anonymous_7)
FN:86,(anonymous_8)
FN:94,(anonymous_9)
FN:106,(anonymous_10)
FN:116,(anonymous_11)
FN:127,(anonymous_12)
FN:142,(anonymous_13)
FN:181,(anonymous_14)
FN:241,(anonymous_15)
FN:297,(anonymous_16)
FN:299,(anonymous_17)
FN:300,(anonymous_18)
FN:312,(anonymous_19)
FN:331,(anonymous_20)
FN:356,(anonymous_21)
FN:372,(anonymous_22)
FN:374,(anonymous_23)
FNF:24
FNH:23
FNDA:6,(anonymous_0)
FNDA:2,(anonymous_1)
FNDA:2,(anonymous_2)
FNDA:12,(anonymous_3)
FNDA:36,(anonymous_4)
FNDA:34,(anonymous_5)
FNDA:4,(anonymous_6)
FNDA:3,(anonymous_7)
FNDA:0,(anonymous_8)
FNDA:18,(anonymous_9)
FNDA:6,(anonymous_10)
FNDA:18,(anonymous_11)
FNDA:26,(anonymous_12)
FNDA:8,(anonymous_13)
FNDA:3,(anonymous_14)
FNDA:1,(anonymous_15)
FNDA:3,(anonymous_16)
FNDA:9,(anonymous_17)
FNDA:37,(anonymous_18)
FNDA:6,(anonymous_19)
FNDA:2,(anonymous_20)
FNDA:3,(anonymous_21)
FNDA:3,(anonymous_22)
FNDA:9,(anonymous_23)
DA:24,1
DA:26,6
DA:29,6
DA:32,6
DA:35,6
DA:38,6
DA:44,6
DA:50,2
DA:57,2
DA:64,12
DA:65,36
DA:66,34
DA:73,4
DA:80,3
DA:87,0
DA:95,18
DA:96,0
DA:99,18
DA:100,18
DA:107,6
DA:108,0
DA:111,6
DA:112,6
DA:113,6
DA:116,6
DA:117,18
DA:120,6
DA:128,26
DA:129,26
DA:131,126
DA:132,126
DA:134,26
DA:144,8
DA:145,0
DA:149,8
DA:150,8
DA:151,1
DA:155,7
DA:156,2
DA:157,2
DA:160,2
DA:164,1
DA:169,6
DA:172,6
DA:174,6
DA:183,3
DA:184,0
DA:188,3
DA:189,1
DA:193,2
DA:194,2
DA:195,0
DA:199,2
DA:200,2
DA:203,2
DA:204,2
DA:207,2
DA:210,2
DA:212,0
DA:215,2
DA:219,2
DA:222,2
DA:225,2
DA:226,2
DA:229,2
DA:243,1
DA:244,0
DA:248,1
DA:249,0
DA:253,1
DA:254,1
DA:255,0
DA:259,1
DA:260,1
DA:263,1
DA:266,1
DA:268,1
DA:271,0
DA:275,1
DA:278,1
DA:281,1
DA:282,1
DA:285,1
DA:298,3
DA:299,3
DA:300,9
DA:301,37
DA:302,11
DA:306,3
DA:313,6
DA:314,6
DA:315,0
DA:318,6
DA:321,6
DA:322,0
DA:325,6
DA:332,2
DA:333,2
DA:334,0
DA:337,2
DA:338,2
DA:339,0
DA:343,2
DA:344,0
DA:345,0
DA:346,0
DA:350,2
DA:357,3
DA:360,3
DA:361,0
DA:362,0
DA:363,0
DA:366,3
DA:374,3
DA:375,9
DA:376,8
DA:381,3
LF:117
LH:96
BRDA:95,0,0,0
BRDA:107,1,0,0
BRDA:107,2,0,6
BRDA:107,2,1,6
BRDA:144,3,0,0
BRDA:150,4,0,1
BRDA:155,5,0,2
BRDA:160,6,0,1
BRDA:161,7,0,2
BRDA:161,7,1,2
BRDA:161,7,2,1
BRDA:161,7,3,0
BRDA:183,8,0,0
BRDA:188,9,0,1
BRDA:194,10,0,0
BRDA:210,11,0,0
BRDA:210,11,1,2
BRDA:225,12,0,2
BRDA:243,13,0,0
BRDA:248,14,0,0
BRDA:254,15,0,0
BRDA:266,16,0,1
BRDA:266,16,1,0
BRDA:281,17,0,1
BRDA:301,18,0,11
BRDA:314,19,0,0
BRDA:333,20,0,0
BRDA:338,21,0,0
BRDA:345,22,0,0
BRDA:360,23,0,0
BRDA:375,24,0,8
BRF:31
BRH:15
end_of_record
TN:
SF:src\modules\network\event-handlers.ts
FN:10,(anonymous_0)
FN:16,(anonymous_1)
FN:17,(anonymous_2)
FN:46,(anonymous_3)
FN:47,(anonymous_4)
FN:95,(anonymous_5)
FN:96,(anonymous_6)
FN:149,(anonymous_7)
FN:150,(anonymous_8)
FN:191,(anonymous_9)
FN:192,(anonymous_10)
FNF:11
FNH:0
FNDA:0,(anonymous_0)
FNDA:0,(anonymous_1)
FNDA:0,(anonymous_2)
FNDA:0,(anonymous_3)
FNDA:0,(anonymous_4)
FNDA:0,(anonymous_5)
FNDA:0,(anonymous_6)
FNDA:0,(anonymous_7)
FNDA:0,(anonymous_8)
FNDA:0,(anonymous_9)
FNDA:0,(anonymous_10)
DA:2,0
DA:9,0
DA:10,0
DA:17,0
DA:18,0
DA:19,0
DA:22,0
DA:23,0
DA:24,0
DA:28,0
DA:34,0
DA:36,0
DA:37,0
DA:47,0
DA:48,0
DA:49,0
DA:52,0
DA:53,0
DA:57,0
DA:60,0
DA:63,0
DA:64,0
DA:65,0
DA:68,0
DA:69,0
DA:76,0
DA:78,0
DA:81,0
DA:82,0
DA:96,0
DA:97,0
DA:98,0
DA:101,0
DA:102,0
DA:105,0
DA:106,0
DA:110,0
DA:113,0
DA:116,0
DA:117,0
DA:118,0
DA:121,0
DA:122,0
DA:129,0
DA:131,0
DA:134,0
DA:135,0
DA:150,0
DA:151,0
DA:153,0
DA:154,0
DA:155,0
DA:157,0
DA:158,0
DA:161,0
DA:164,0
DA:167,0
DA:168,0
DA:171,0
DA:176,0
DA:178,0
DA:179,0
DA:192,0
DA:193,0
DA:195,0
DA:196,0
DA:197,0
DA:199,0
DA:200,0
DA:203,0
LF:70
LH:0
BRDA:22,0,0,0
BRDA:31,1,0,0
BRDA:31,1,1,0
BRDA:52,2,0,0
BRDA:52,3,0,0
BRDA:52,3,1,0
BRDA:52,3,2,0
BRDA:52,3,3,0
BRDA:68,4,0,0
BRDA:68,5,0,0
BRDA:68,5,1,0
BRDA:81,6,0,0
BRDA:81,7,0,0
BRDA:81,7,1,0
BRDA:84,8,0,0
BRDA:84,8,1,0
BRDA:101,9,0,0
BRDA:101,10,0,0
BRDA:101,10,1,0
BRDA:105,11,0,0
BRDA:105,12,0,0
BRDA:105,12,1,0
BRDA:105,12,2,0
BRDA:105,12,3,0
BRDA:121,13,0,0
BRDA:121,14,0,0
BRDA:121,14,1,0
BRDA:134,15,0,0
BRDA:134,16,0,0
BRDA:134,16,1,0
BRDA:137,17,0,0
BRDA:137,17,1,0
BRDA:153,18,0,0
BRDA:153,19,0,0
BRDA:153,19,1,0
BRDA:181,20,0,0
BRDA:181,20,1,0
BRDA:195,21,0,0
BRDA:195,22,0,0
BRDA:195,22,1,0
BRF:40
BRH:0
end_of_record
TN:
SF:src\modules\network\socket-server.ts
FN:27,(anonymous_0)
FN:44,(anonymous_1)
FN:60,(anonymous_2)
FN:75,(anonymous_3)
FN:77,(anonymous_4)
FN:92,(anonymous_5)
FN:100,(anonymous_6)
FN:102,(anonymous_7)
FN:135,(anonymous_8)
FN:170,(anonymous_9)
FN:210,(anonymous_10)
FN:211,(anonymous_11)
FN:251,(anonymous_12)
FN:253,(anonymous_13)
FN:267,(anonymous_14)
FN:307,(anonymous_15)
FN:346,(anonymous_16)
FN:386,(anonymous_17)
FN:438,(anonymous_18)
FN:478,(anonymous_19)
FN:494,(anonymous_20)
FN:506,(anonymous_21)
FN:530,(anonymous_22)
FN:532,(anonymous_23)
FN:534,(anonymous_24)
FN:546,(anonymous_25)
FN:558,(anonymous_26)
FNF:27
FNH:0
FNDA:0,(anonymous_0)
FNDA:0,(anonymous_1)
FNDA:0,(anonymous_2)
FNDA:0,(anonymous_3)
FNDA:0,(anonymous_4)
FNDA:0,(anonymous_5)
FNDA:0,(anonymous_6)
FNDA:0,(anonymous_7)
FNDA:0,(anonymous_8)
FNDA:0,(anonymous_9)
FNDA:0,(anonymous_10)
FNDA:0,(anonymous_11)
FNDA:0,(anonymous_12)
FNDA:0,(anonymous_13)
FNDA:0,(anonymous_14)
FNDA:0,(anonymous_15)
FNDA:0,(anonymous_16)
FNDA:0,(anonymous_17)
FNDA:0,(anonymous_18)
FNDA:0,(anonymous_19)
FNDA:0,(anonymous_20)
FNDA:0,(anonymous_21)
FNDA:0,(anonymous_22)
FNDA:0,(anonymous_23)
FNDA:0,(anonymous_24)
FNDA:0,(anonymous_25)
FNDA:0,(anonymous_26)
DA:1,0
DA:2,0
DA:3,0
DA:5,0
DA:8,0
DA:10,0
DA:15,0
DA:17,0
DA:27,0
DA:29,0
DA:31,0
DA:34,0
DA:44,0
DA:45,0
DA:48,0
DA:51,0
DA:54,0
DA:57,0
DA:60,0
DA:61,0
DA:62,0
DA:67,0
DA:69,0
DA:77,0
DA:78,0
DA:80,0
DA:82,0
DA:87,0
DA:92,0
DA:93,0
DA:102,0
DA:103,0
DA:104,0
DA:107,0
DA:110,0
DA:111,0
DA:114,0
DA:115,0
DA:122,0
DA:124,0
DA:125,0
DA:126,0
DA:135,0
DA:136,0
DA:137,0
DA:140,0
DA:143,0
DA:144,0
DA:147,0
DA:148,0
DA:156,0
DA:158,0
DA:159,0
DA:160,0
DA:170,0
DA:171,0
DA:172,0
DA:173,0
DA:176,0
DA:179,0
DA:182,0
DA:183,0
DA:184,0
DA:187,0
DA:188,0
DA:194,0
DA:196,0
DA:197,0
DA:198,0
DA:211,0
DA:212,0
DA:214,0
DA:217,0
DA:220,0
DA:221,0
DA:225,0
DA:230,0
DA:231,0
DA:237,0
DA:238,0
DA:239,0
DA:253,0
DA:254,0
DA:255,0
DA:256,0
DA:259,0
DA:260,0
DA:262,0
DA:263,0
DA:267,0
DA:268,0
DA:269,0
DA:270,0
DA:272,0
DA:281,0
DA:284,0
DA:287,0
DA:292,0
DA:293,0
DA:296,0
DA:297,0
DA:298,0
DA:307,0
DA:308,0
DA:309,0
DA:310,0
DA:313,0
DA:314,0
DA:317,0
DA:320,0
DA:321,0
DA:329,0
DA:335,0
DA:336,0
DA:337,0
DA:346,0
DA:347,0
DA:348,0
DA:349,0
DA:350,0
DA:353,0
DA:354,0
DA:358,0
DA:360,0
DA:361,0
DA:365,0
DA:368,0
DA:375,0
DA:377,0
DA:378,0
DA:386,0
DA:387,0
DA:388,0
DA:389,0
DA:392,0
DA:393,0
DA:397,0
DA:400,0
DA:403,0
DA:412,0
DA:413,0
DA:420,0
DA:423,0
DA:426,0
DA:429,0
DA:430,0
DA:438,0
DA:439,0
DA:440,0
DA:441,0
DA:444,0
DA:445,0
DA:449,0
DA:452,0
DA:455,0
DA:464,0
DA:466,0
DA:467,0
DA:480,0
DA:481,0
DA:482,0
DA:484,0
DA:486,0
DA:495,0
DA:496,0
DA:497,0
DA:507,0
DA:508,0
DA:509,0
DA:511,0
DA:523,0
DA:532,0
DA:533,0
DA:534,0
DA:536,0
DA:547,0
DA:548,0
DA:551,0
DA:552,0
DA:559,0
DA:560,0
DA:561,0
DA:564,0
LF:183
LH:0
BRDA:29,0,0,0
BRDA:29,0,1,0
BRDA:31,1,0,0
BRDA:31,1,1,0
BRDA:114,2,0,0
BRDA:114,3,0,0
BRDA:114,3,1,0
BRDA:125,4,0,0
BRDA:125,5,0,0
BRDA:125,5,1,0
BRDA:147,6,0,0
BRDA:147,7,0,0
BRDA:147,7,1,0
BRDA:158,8,0,0
BRDA:158,8,1,0
BRDA:159,9,0,0
BRDA:159,10,0,0
BRDA:159,10,1,0
BRDA:162,11,0,0
BRDA:162,11,1,0
BRDA:172,12,0,0
BRDA:172,13,0,0
BRDA:172,13,1,0
BRDA:187,14,0,0
BRDA:187,15,0,0
BRDA:187,15,1,0
BRDA:197,16,0,0
BRDA:197,17,0,0
BRDA:197,17,1,0
BRDA:220,18,0,0
BRDA:230,19,0,0
BRDA:230,20,0,0
BRDA:230,20,1,0
BRDA:238,21,0,0
BRDA:238,22,0,0
BRDA:238,22,1,0
BRDA:241,23,0,0
BRDA:241,23,1,0
BRDA:255,24,0,0
BRDA:262,25,0,0
BRDA:269,26,0,0
BRDA:292,27,0,0
BRDA:297,28,0,0
BRDA:300,29,0,0
BRDA:300,29,1,0
BRDA:309,30,0,0
BRDA:314,31,0,0
BRDA:314,31,1,0
BRDA:320,32,0,0
BRDA:320,33,0,0
BRDA:320,33,1,0
BRDA:336,34,0,0
BRDA:336,35,0,0
BRDA:336,35,1,0
BRDA:339,36,0,0
BRDA:339,36,1,0
BRDA:353,37,0,0
BRDA:360,38,0,0
BRDA:380,39,0,0
BRDA:380,39,1,0
BRDA:392,40,0,0
BRDA:408,41,0,0
BRDA:408,41,1,0
BRDA:412,42,0,0
BRDA:412,42,1,0
BRDA:432,43,0,0
BRDA:432,43,1,0
BRDA:444,44,0,0
BRDA:460,45,0,0
BRDA:460,45,1,0
BRDA:469,46,0,0
BRDA:469,46,1,0
BRDA:480,47,0,0
BRDA:480,48,0,0
BRDA:480,48,1,0
BRDA:496,49,0,0
BRDA:509,50,0,0
BRDA:509,51,0,0
BRDA:509,51,1,0
BRDA:547,52,0,0
BRDA:560,53,0,0
BRF:81
BRH:0
end_of_record
TN:
SF:src\modules\player\player.ts
FN:17,(anonymous_0)
FN:26,(anonymous_1)
FN:33,(anonymous_2)
FN:41,(anonymous_3)
FN:49,(anonymous_4)
FN:57,(anonymous_5)
FN:64,(anonymous_6)
FN:71,(anonymous_7)
FNF:8
FNH:7
FNDA:18,(anonymous_0)
FNDA:50,(anonymous_1)
FNDA:35,(anonymous_2)
FNDA:9,(anonymous_3)
FNDA:1,(anonymous_4)
FNDA:2,(anonymous_5)
FNDA:17,(anonymous_6)
FNDA:0,(anonymous_7)
DA:7,1
DA:9,18
DA:18,18
DA:19,18
DA:20,18
DA:27,50
DA:34,35
DA:35,35
DA:42,9
DA:50,1
DA:58,2
DA:65,17
DA:72,0
LF:13
LH:12
BRDA:20,0,0,18
BRDA:49,1,0,0
BRDA:57,2,0,0
BRF:3
BRH:1
end_of_record
TN:
SF:src\modules\room\room-manager.ts
FN:26,(anonymous_0)
FN:31,(anonymous_1)
FN:67,(anonymous_2)
FN:114,(anonymous_3)
FN:158,(anonymous_4)
FN:177,(anonymous_5)
FN:185,(anonymous_6)
FN:186,(anonymous_7)
FN:194,(anonymous_8)
FNF:9
FNH:0
FNDA:0,(anonymous_0)
FNDA:0,(anonymous_1)
FNDA:0,(anonymous_2)
FNDA:0,(anonymous_3)
FNDA:0,(anonymous_4)
FNDA:0,(anonymous_5)
FNDA:0,(anonymous_6)
FNDA:0,(anonymous_7)
FNDA:0,(anonymous_8)
DA:1,0
DA:16,0
DA:18,0
DA:19,0
DA:28,0
DA:33,0
DA:34,0
DA:37,0
DA:44,0
DA:54,0
DA:56,0
DA:57,0
DA:58,0
DA:68,0
DA:69,0
DA:72,0
DA:73,0
DA:74,0
DA:75,0
DA:79,0
DA:80,0
DA:84,0
DA:85,0
DA:89,0
DA:92,0
DA:99,0
DA:100,0
DA:103,0
DA:105,0
DA:106,0
DA:115,0
DA:116,0
DA:119,0
DA:120,0
DA:121,0
DA:122,0
DA:126,0
DA:127,0
DA:128,0
DA:129,0
DA:132,0
DA:133,0
DA:134,0
DA:137,0
DA:141,0
DA:142,0
DA:143,0
DA:144,0
DA:147,0
DA:149,0
DA:159,0
DA:160,0
DA:163,0
DA:164,0
DA:165,0
DA:166,0
DA:169,0
DA:178,0
DA:186,0
DA:195,0
DA:196,0
DA:199,0
DA:200,0
DA:201,0
DA:202,0
DA:205,0
DA:206,0
DA:207,0
DA:208,0
LF:69
LH:0
BRDA:73,0,0,0
BRDA:79,1,0,0
BRDA:84,2,0,0
BRDA:120,3,0,0
BRDA:127,4,0,0
BRDA:127,4,1,0
BRDA:132,5,0,0
BRDA:132,5,1,0
BRDA:142,6,0,0
BRDA:164,7,0,0
BRDA:200,8,0,0
BRF:11
BRH:0
end_of_record
